\BOOKMARK [0][-]{chapter.1}{What is Geometric Algebra?}{}% 1
\BOOKMARK [1][-]{section.1.1}{Representation of Multivectors in sympy}{chapter.1}% 2
\BOOKMARK [1][-]{section.1.2}{Vector Basis and Metric}{chapter.1}% 3
\BOOKMARK [1][-]{section.1.3}{Representation and Reduction of Multivector Bases}{chapter.1}% 4
\BOOKMARK [1][-]{section.1.4}{Base Representation of Multivectors}{chapter.1}% 5
\BOOKMARK [1][-]{section.1.5}{Blade Representation of Multivectors}{chapter.1}% 6
\BOOKMARK [1][-]{section.1.6}{Outer and Inner Products, Left and Right Contractions}{chapter.1}% 7
\BOOKMARK [1][-]{section.1.7}{Reverse of Multivector}{chapter.1}% 8
\BOOKMARK [1][-]{section.1.8}{Reciprocal Frames}{chapter.1}% 9
\BOOKMARK [1][-]{section.1.9}{Manifolds and Submanifolds}{chapter.1}% 10
\BOOKMARK [1][-]{section.1.10}{Geometric Derivative}{chapter.1}% 11
\BOOKMARK [2][-]{subsection.1.10.1}{Geometric Derivative on a Manifold}{section.1.10}% 12
\BOOKMARK [2][-]{subsection.1.10.2}{Normalizing Basis for Derivatives}{section.1.10}% 13
\BOOKMARK [2][-]{subsection.1.10.3}{Linear Differential Operators}{section.1.10}% 14
\BOOKMARK [1][-]{section.1.11}{Linear Transformations/Outermorphisms}{chapter.1}% 15
\BOOKMARK [1][-]{section.1.12}{Multilinear Functions \(Tensors\)}{chapter.1}% 16
\BOOKMARK [2][-]{subsection.1.12.1}{Multiliner Functions}{section.1.12}% 17
\BOOKMARK [2][-]{subsection.1.12.2}{Algebraic Operations}{section.1.12}% 18
\BOOKMARK [2][-]{subsection.1.12.3}{Covariant, Contravariant, and Mixed Representations}{section.1.12}% 19
\BOOKMARK [2][-]{subsection.1.12.4}{Contraction and Differentiation}{section.1.12}% 20
\BOOKMARK [2][-]{subsection.1.12.5}{From Vector to Tensor}{section.1.12}% 21
\BOOKMARK [2][-]{subsection.1.12.6}{Parallel Transport and Covariant Deriviatives}{section.1.12}% 22
\BOOKMARK [0][-]{chapter.2}{Installation}{}% 23
\BOOKMARK [0][-]{chapter.3}{Module Components}{}% 24
\BOOKMARK [1][-]{section.3.1}{Instantiating a Geometric Algebra}{chapter.3}% 25
\BOOKMARK [1][-]{section.3.2}{Instantiating a Multivector}{chapter.3}% 26
\BOOKMARK [1][-]{section.3.3}{Basic Multivector Class Functions}{chapter.3}% 27
\BOOKMARK [1][-]{section.3.4}{Basic Multivector Functions}{chapter.3}% 28
\BOOKMARK [1][-]{section.3.5}{Multivector Derivatives}{chapter.3}% 29
\BOOKMARK [1][-]{section.3.6}{Submanifolds}{chapter.3}% 30
\BOOKMARK [1][-]{section.3.7}{Linear Transformations}{chapter.3}% 31
\BOOKMARK [1][-]{section.3.8}{Differential Operators}{chapter.3}% 32
\BOOKMARK [1][-]{section.3.9}{Instantiating a Multi-linear Functions \(Tensors\)}{chapter.3}% 33
\BOOKMARK [1][-]{section.3.10}{Basic Multilinear Function Class Functions}{chapter.3}% 34
\BOOKMARK [1][-]{section.3.11}{Standard Printing}{chapter.3}% 35
\BOOKMARK [1][-]{section.3.12}{Latex Printing}{chapter.3}% 36
\BOOKMARK [0][-]{chapter.4}{Examples}{}% 37
\BOOKMARK [1][-]{section.4.1}{Algebra}{chapter.4}% 38
\BOOKMARK [2][-]{subsection.4.1.1}{BAC-CAB Formulas}{section.4.1}% 39
\BOOKMARK [2][-]{subsection.4.1.2}{Reciprocal Frame}{section.4.1}% 40
\BOOKMARK [1][-]{section.4.2}{Calculus}{chapter.4}% 41
\BOOKMARK [2][-]{subsection.4.2.1}{Derivatives in Spherical Coordinates}{section.4.2}% 42
\BOOKMARK [2][-]{subsection.4.2.2}{Electromagnetic Waves}{section.4.2}% 43
\BOOKMARK [2][-]{subsection.4.2.3}{Dirac Equation}{section.4.2}% 44
\BOOKMARK [2][-]{subsection.4.2.4}{IPython Notebook Example}{section.4.2}% 45
