\BOOKMARK [0][-]{chapter.1}{Installation on Linux, Windows, and Mac}{}% 1
\BOOKMARK [1][-]{section.1.1}{Install python}{chapter.1}% 2
\BOOKMARK [1][-]{section.1.2}{Install sympy}{chapter.1}% 3
\BOOKMARK [1][-]{section.1.3}{Install galgebra}{chapter.1}% 4
\BOOKMARK [1][-]{section.1.4}{LaTeX Options}{chapter.1}% 5
\BOOKMARK [1][-]{section.1.5}{``Ipython notebook'' Options}{chapter.1}% 6
\BOOKMARK [1][-]{section.1.6}{The ANSI Console}{chapter.1}% 7
\BOOKMARK [1][-]{section.1.7}{Geany Programmers Editor}{chapter.1}% 8
\BOOKMARK [0][-]{chapter.2}{What is Geometric Algebra?}{}% 9
\BOOKMARK [1][-]{section.2.1}{Basics of Geometric Algebra}{chapter.2}% 10
\BOOKMARK [2][-]{subsection.2.1.1}{Grade Projection}{section.2.1}% 11
\BOOKMARK [2][-]{subsection.2.1.2}{Multivector Products}{section.2.1}% 12
\BOOKMARK [2][-]{subsection.2.1.3}{Reverse of Multivector}{section.2.1}% 13
\BOOKMARK [2][-]{subsection.2.1.4}{Reciprocal Frames}{section.2.1}% 14
\BOOKMARK [1][-]{section.2.2}{Manifolds and Submanifolds}{chapter.2}% 15
\BOOKMARK [1][-]{section.2.3}{Geometric Derivative}{chapter.2}% 16
\BOOKMARK [2][-]{subsection.2.3.1}{Geometric Derivative on a Manifold}{section.2.3}% 17
\BOOKMARK [2][-]{subsection.2.3.2}{Normalizing Basis for Derivatives}{section.2.3}% 18
\BOOKMARK [2][-]{subsection.2.3.3}{Linear Differential Operators}{section.2.3}% 19
\BOOKMARK [1][-]{section.2.4}{Linear Transformations/Outermorphisms}{chapter.2}% 20
\BOOKMARK [1][-]{section.2.5}{Multilinear Functions}{chapter.2}% 21
\BOOKMARK [2][-]{subsection.2.5.1}{Algebraic Operations}{section.2.5}% 22
\BOOKMARK [2][-]{subsection.2.5.2}{Covariant, Contravariant, and Mixed Representations}{section.2.5}% 23
\BOOKMARK [2][-]{subsection.2.5.3}{Contraction and Differentiation}{section.2.5}% 24
\BOOKMARK [2][-]{subsection.2.5.4}{From Vector to Tensor}{section.2.5}% 25
\BOOKMARK [2][-]{subsection.2.5.5}{Parallel Transport and Covariant Derivatives}{section.2.5}% 26
\BOOKMARK [1][-]{section.2.6}{Representation of Multivectors in sympy}{chapter.2}% 27
\BOOKMARK [2][-]{subsection.2.6.1}{Operator Precedence}{section.2.6}% 28
\BOOKMARK [1][-]{section.2.7}{Vector Basis and Metric}{chapter.2}% 29
\BOOKMARK [1][-]{section.2.8}{Representation and Reduction of Multivector Bases}{chapter.2}% 30
\BOOKMARK [1][-]{section.2.9}{Base Representation of Multivectors}{chapter.2}% 31
\BOOKMARK [1][-]{section.2.10}{Blade Representation of Multivectors}{chapter.2}% 32
\BOOKMARK [0][-]{chapter.3}{Module Components}{}% 33
\BOOKMARK [1][-]{section.3.1}{Instantiating a Geometric Algebra}{chapter.3}% 34
\BOOKMARK [1][-]{section.3.2}{Instantiating a Multivector}{chapter.3}% 35
\BOOKMARK [1][-]{section.3.3}{Backward Compatibility Class MV}{chapter.3}% 36
\BOOKMARK [1][-]{section.3.4}{Basic Multivector Class Functions}{chapter.3}% 37
\BOOKMARK [1][-]{section.3.5}{Basic Multivector Functions}{chapter.3}% 38
\BOOKMARK [1][-]{section.3.6}{Multivector Derivatives}{chapter.3}% 39
\BOOKMARK [1][-]{section.3.7}{Submanifolds}{chapter.3}% 40
\BOOKMARK [1][-]{section.3.8}{Linear Transformations}{chapter.3}% 41
\BOOKMARK [1][-]{section.3.9}{Differential Operators}{chapter.3}% 42
\BOOKMARK [1][-]{section.3.10}{Instantiating a Multi-linear Functions \(Tensors\)}{chapter.3}% 43
\BOOKMARK [1][-]{section.3.11}{Basic Multilinear Function Class Functions}{chapter.3}% 44
\BOOKMARK [1][-]{section.3.12}{Standard Printing}{chapter.3}% 45
\BOOKMARK [1][-]{section.3.13}{Latex Printing}{chapter.3}% 46
\BOOKMARK [2][-]{subsection.3.13.1}{Printing Lists/Tuples of Multivectors/Differential Operators}{section.3.13}% 47
