This is pdfTeX, Version 3.1415926-2.5-1.40.14 (TeX Live 2013/Debian) (format=pdflatex 2014.5.30)  9 AUG 2014 11:22
entering extended mode
 restricted \write18 enabled.
 %&-line parsing enabled.
**bookGA.tex
(./bookGA.tex
LaTeX2e <2011/06/27>
Babel <3.9h> and hyphenation patterns for 78 languages loaded.
(/usr/share/texlive/texmf-dist/tex/latex/base/book.cls
Document Class: book 2007/10/19 v1.4h Standard LaTeX document class
(/usr/share/texlive/texmf-dist/tex/latex/base/bk12.clo
File: bk12.clo 2007/10/19 v1.4h Standard LaTeX file (size option)
)
\c@part=\count79
\c@chapter=\count80
\c@section=\count81
\c@subsection=\count82
\c@subsubsection=\count83
\c@paragraph=\count84
\c@subparagraph=\count85
\c@figure=\count86
\c@table=\count87
\abovecaptionskip=\skip41
\belowcaptionskip=\skip42
\bibindent=\dimen102
)
(/usr/share/texlive/texmf-dist/tex/latex/geometry/geometry.sty
Package: geometry 2010/09/12 v5.6 Page Geometry

(/usr/share/texlive/texmf-dist/tex/latex/graphics/keyval.sty
Package: keyval 1999/03/16 v1.13 key=value parser (DPC)
\KV@toks@=\toks14
)
(/usr/share/texlive/texmf-dist/tex/generic/oberdiek/ifpdf.sty
Package: ifpdf 2011/01/30 v2.3 Provides the ifpdf switch (HO)
Package ifpdf Info: pdfTeX in PDF mode is detected.
)
(/usr/share/texlive/texmf-dist/tex/generic/oberdiek/ifvtex.sty
Package: ifvtex 2010/03/01 v1.5 Detect VTeX and its facilities (HO)
Package ifvtex Info: VTeX not detected.
)
(/usr/share/texlive/texmf-dist/tex/generic/ifxetex/ifxetex.sty
Package: ifxetex 2010/09/12 v0.6 Provides ifxetex conditional
)
\Gm@cnth=\count88
\Gm@cntv=\count89
\c@Gm@tempcnt=\count90
\Gm@bindingoffset=\dimen103
\Gm@wd@mp=\dimen104
\Gm@odd@mp=\dimen105
\Gm@even@mp=\dimen106
\Gm@layoutwidth=\dimen107
\Gm@layoutheight=\dimen108
\Gm@layouthoffset=\dimen109
\Gm@layoutvoffset=\dimen110
\Gm@dimlist=\toks15
)
(/usr/share/texlive/texmf-dist/tex/latex/graphics/graphicx.sty
Package: graphicx 1999/02/16 v1.0f Enhanced LaTeX Graphics (DPC,SPQR)

(/usr/share/texlive/texmf-dist/tex/latex/graphics/graphics.sty
Package: graphics 2009/02/05 v1.0o Standard LaTeX Graphics (DPC,SPQR)

(/usr/share/texlive/texmf-dist/tex/latex/graphics/trig.sty
Package: trig 1999/03/16 v1.09 sin cos tan (DPC)
)
(/usr/share/texlive/texmf-dist/tex/latex/latexconfig/graphics.cfg
File: graphics.cfg 2010/04/23 v1.9 graphics configuration of TeX Live
)
Package graphics Info: Driver file: pdftex.def on input line 91.

(/usr/share/texlive/texmf-dist/tex/latex/pdftex-def/pdftex.def
File: pdftex.def 2011/05/27 v0.06d Graphics/color for pdfTeX

(/usr/share/texlive/texmf-dist/tex/generic/oberdiek/infwarerr.sty
Package: infwarerr 2010/04/08 v1.3 Providing info/warning/error messages (HO)
)
(/usr/share/texlive/texmf-dist/tex/generic/oberdiek/ltxcmds.sty
Package: ltxcmds 2011/11/09 v1.22 LaTeX kernel commands for general use (HO)
)
\Gread@gobject=\count91
))
\Gin@req@height=\dimen111
\Gin@req@width=\dimen112
)
(/usr/share/texlive/texmf-dist/tex/latex/graphics/color.sty
Package: color 2005/11/14 v1.0j Standard LaTeX Color (DPC)

(/usr/share/texlive/texmf-dist/tex/latex/latexconfig/color.cfg
File: color.cfg 2007/01/18 v1.5 color configuration of teTeX/TeXLive
)
Package color Info: Driver file: pdftex.def on input line 130.
)
(/usr/share/texlive/texmf-dist/tex/latex/tools/bm.sty
Package: bm 2004/02/26 v1.1c Bold Symbol Support (DPC/FMi)
\symboldoperators=\mathgroup4
\symboldletters=\mathgroup5
\symboldsymbols=\mathgroup6
LaTeX Font Info:    Redeclaring math alphabet \mathbf on input line 138.
LaTeX Info: Redefining \bm on input line 204.
)
(/usr/share/texlive/texmf-dist/tex/latex/amsmath/amsmath.sty
Package: amsmath 2013/01/14 v2.14 AMS math features
\@mathmargin=\skip43

For additional information on amsmath, use the `?' option.
(/usr/share/texlive/texmf-dist/tex/latex/amsmath/amstext.sty
Package: amstext 2000/06/29 v2.01

(/usr/share/texlive/texmf-dist/tex/latex/amsmath/amsgen.sty
File: amsgen.sty 1999/11/30 v2.0
\@emptytoks=\toks16
\ex@=\dimen113
))
(/usr/share/texlive/texmf-dist/tex/latex/amsmath/amsbsy.sty
Package: amsbsy 1999/11/29 v1.2d
LaTeX Info: Redefining \boldsymbol on input line 39.
\pmbraise@=\dimen114
)
(/usr/share/texlive/texmf-dist/tex/latex/amsmath/amsopn.sty
Package: amsopn 1999/12/14 v2.01 operator names
)
\inf@bad=\count92
LaTeX Info: Redefining \frac on input line 210.
\uproot@=\count93
\leftroot@=\count94
LaTeX Info: Redefining \overline on input line 306.
\classnum@=\count95
\DOTSCASE@=\count96
LaTeX Info: Redefining \ldots on input line 378.
LaTeX Info: Redefining \dots on input line 381.
LaTeX Info: Redefining \cdots on input line 466.
\Mathstrutbox@=\box26
\strutbox@=\box27
\big@size=\dimen115
LaTeX Font Info:    Redeclaring font encoding OML on input line 566.
LaTeX Font Info:    Redeclaring font encoding OMS on input line 567.
\macc@depth=\count97
\c@MaxMatrixCols=\count98
\dotsspace@=\muskip10
\c@parentequation=\count99
\dspbrk@lvl=\count100
\tag@help=\toks17
\row@=\count101
\column@=\count102
\maxfields@=\count103
\andhelp@=\toks18
\eqnshift@=\dimen116
\alignsep@=\dimen117
\tagshift@=\dimen118
\tagwidth@=\dimen119
\totwidth@=\dimen120
\lineht@=\dimen121
\@envbody=\toks19
\multlinegap=\skip44
\multlinetaggap=\skip45
\mathdisplay@stack=\toks20
LaTeX Info: Redefining \[ on input line 2665.
LaTeX Info: Redefining \] on input line 2666.
)
(/usr/share/texlive/texmf-dist/tex/latex/tensor/tensor.sty
Package: tensor 2004/12/20 v2.1 tensor indices package (PGR)
\tnsr@Sps=\toks21
\tnsr@Sbs=\toks22
\tnsr@Spe=\toks23
\tnsr@Sbe=\toks24
\ncld@Mno=\toks25
)
(/usr/share/texlive/texmf-dist/tex/latex/amsfonts/amsfonts.sty
Package: amsfonts 2013/01/14 v3.01 Basic AMSFonts support
\symAMSa=\mathgroup7
\symAMSb=\mathgroup8
LaTeX Font Info:    Overwriting math alphabet `\mathfrak' in version `bold'
(Font)                  U/euf/m/n --> U/euf/b/n on input line 106.
)
(/usr/share/texlive/texmf-dist/tex/latex/comment/comment.sty
\CommentStream=\write3

Excluding comment 'comment')
(/usr/share/texlive/texmf-dist/tex/latex/srcltx/srcltx.sty
Package: srcltx 2006/11/12 v1.6 Source specials for inverse search in DVI files


(/usr/share/texlive/texmf-dist/tex/latex/base/ifthen.sty
Package: ifthen 2001/05/26 v1.1c Standard LaTeX ifthen package (DPC)
)
\src@lastline=\count104
\src@new@everypar=\toks26
\src@new@output=\toks27
)
(/usr/share/texlive/texmf-dist/tex/latex/amsfonts/amssymb.sty
Package: amssymb 2013/01/14 v3.01 AMS font symbols
)
(/usr/share/texlive/texmf-dist/tex/latex/rotating/rotating.sty
Package: rotating 2009/03/28 v2.16a rotated objects in LaTeX
\c@r@tfl@t=\count105
\rotFPtop=\skip46
\rotFPbot=\skip47
\rot@float@box=\box28
\rot@mess@toks=\toks28
)
(/usr/share/texlive/texmf-dist/tex/latex/setspace/setspace.sty
Package: setspace 2011/12/19 v6.7a set line spacing
)
(/usr/share/texlive/texmf-dist/tex/latex/parskip/parskip.sty
Package: parskip 2001/04/09 non-zero parskip adjustments
)
(/usr/share/texlive/texmf-dist/tex/latex/hyperref/hyperref.sty
Package: hyperref 2012/11/06 v6.83m Hypertext links for LaTeX

(/usr/share/texlive/texmf-dist/tex/generic/oberdiek/hobsub-hyperref.sty
Package: hobsub-hyperref 2012/05/28 v1.13 Bundle oberdiek, subset hyperref (HO)


(/usr/share/texlive/texmf-dist/tex/generic/oberdiek/hobsub-generic.sty
Package: hobsub-generic 2012/05/28 v1.13 Bundle oberdiek, subset generic (HO)
Package: hobsub 2012/05/28 v1.13 Construct package bundles (HO)
Package hobsub Info: Skipping package `infwarerr' (already loaded).
Package hobsub Info: Skipping package `ltxcmds' (already loaded).
Package: ifluatex 2010/03/01 v1.3 Provides the ifluatex switch (HO)
Package ifluatex Info: LuaTeX not detected.
Package hobsub Info: Skipping package `ifvtex' (already loaded).
Package: intcalc 2007/09/27 v1.1 Expandable calculations with integers (HO)
Package hobsub Info: Skipping package `ifpdf' (already loaded).
Package: etexcmds 2011/02/16 v1.5 Avoid name clashes with e-TeX commands (HO)
Package etexcmds Info: Could not find \expanded.
(etexcmds)             That can mean that you are not using pdfTeX 1.50 or
(etexcmds)             that some package has redefined \expanded.
(etexcmds)             In the latter case, load this package earlier.
Package: kvsetkeys 2012/04/25 v1.16 Key value parser (HO)
Package: kvdefinekeys 2011/04/07 v1.3 Define keys (HO)
Package: pdftexcmds 2011/11/29 v0.20 Utility functions of pdfTeX for LuaTeX (HO
)
Package pdftexcmds Info: LuaTeX not detected.
Package pdftexcmds Info: \pdf@primitive is available.
Package pdftexcmds Info: \pdf@ifprimitive is available.
Package pdftexcmds Info: \pdfdraftmode found.
Package: pdfescape 2011/11/25 v1.13 Implements pdfTeX's escape features (HO)
Package: bigintcalc 2012/04/08 v1.3 Expandable calculations on big integers (HO
)
Package: bitset 2011/01/30 v1.1 Handle bit-vector datatype (HO)
Package: uniquecounter 2011/01/30 v1.2 Provide unlimited unique counter (HO)
)
Package hobsub Info: Skipping package `hobsub' (already loaded).
Package: letltxmacro 2010/09/02 v1.4 Let assignment for LaTeX macros (HO)
Package: hopatch 2012/05/28 v1.2 Wrapper for package hooks (HO)
Package: xcolor-patch 2011/01/30 xcolor patch
Package: atveryend 2011/06/30 v1.8 Hooks at the very end of document (HO)
Package atveryend Info: \enddocument detected (standard20110627).
Package: atbegshi 2011/10/05 v1.16 At begin shipout hook (HO)
Package: refcount 2011/10/16 v3.4 Data extraction from label references (HO)
Package: hycolor 2011/01/30 v1.7 Color options for hyperref/bookmark (HO)
)
(/usr/share/texlive/texmf-dist/tex/latex/oberdiek/auxhook.sty
Package: auxhook 2011/03/04 v1.3 Hooks for auxiliary files (HO)
)
(/usr/share/texlive/texmf-dist/tex/latex/oberdiek/kvoptions.sty
Package: kvoptions 2011/06/30 v3.11 Key value format for package options (HO)
)
\@linkdim=\dimen122
\Hy@linkcounter=\count106
\Hy@pagecounter=\count107
Package srcltx Info: Expanded filename `pd1enc.def' to `pd1enc.def.tex' on inpu
t line 847.

:<+ pd1enc.def.tex
(/usr/share/texlive/texmf-dist/tex/latex/hyperref/pd1enc.def
File: pd1enc.def 2012/11/06 v6.83m Hyperref: PDFDocEncoding definition (HO)
)
:<-
\Hy@SavedSpaceFactor=\count108
(/usr/share/texlive/texmf-dist/tex/latex/latexconfig/hyperref.cfg
File: hyperref.cfg 2002/06/06 v1.2 hyperref configuration of TeXLive
)
Package hyperref Info: Hyper figures OFF on input line 4443.
Package hyperref Info: Link nesting OFF on input line 4448.
Package hyperref Info: Hyper index ON on input line 4451.
Package hyperref Info: Plain pages OFF on input line 4458.
Package hyperref Info: Backreferencing OFF on input line 4463.
Package hyperref Info: Implicit mode ON; LaTeX internals redefined.
Package hyperref Info: Bookmarks ON on input line 4688.
\c@Hy@tempcnt=\count109

(/usr/share/texlive/texmf-dist/tex/latex/url/url.sty
\Urlmuskip=\muskip11
Package: url 2013/09/16  ver 3.4  Verb mode for urls, etc.
)
LaTeX Info: Redefining \url on input line 5041.
\XeTeXLinkMargin=\dimen123
\Fld@menulength=\count110
\Field@Width=\dimen124
\Fld@charsize=\dimen125
Package hyperref Info: Hyper figures OFF on input line 6295.
Package hyperref Info: Link nesting OFF on input line 6300.
Package hyperref Info: Hyper index ON on input line 6303.
Package hyperref Info: backreferencing OFF on input line 6310.
Package hyperref Info: Link coloring OFF on input line 6315.
Package hyperref Info: Link coloring with OCG OFF on input line 6320.
Package hyperref Info: PDF/A mode OFF on input line 6325.
LaTeX Info: Redefining \ref on input line 6365.
LaTeX Info: Redefining \pageref on input line 6369.
\Hy@abspage=\count111
\c@Item=\count112
\c@Hfootnote=\count113
)

Package hyperref Message: Driver (autodetected): hpdftex.

Package srcltx Info: Expanded filename `hpdftex.def' to `hpdftex.def.tex' on in
put line 16.
:<+ hpdftex.def.tex
(/usr/share/texlive/texmf-dist/tex/latex/hyperref/hpdftex.def
File: hpdftex.def 2012/11/06 v6.83m Hyperref driver for pdfTeX
\Fld@listcount=\count114
\c@bookmark@seq@number=\count115

(/usr/share/texlive/texmf-dist/tex/latex/oberdiek/rerunfilecheck.sty
Package: rerunfilecheck 2011/04/15 v1.7 Rerun checks for auxiliary files (HO)
Package uniquecounter Info: New unique counter `rerunfilecheck' on input line 2
82.
)
\Hy@SectionHShift=\skip48
)
:<-
(/usr/share/texlive/texmf-dist/tex/latex/amsfonts/eufrak.sty

Package eufrak Warning: The eufrak package is redundant if the amsfonts package
 is used on input line 36.

) (/usr/share/texlive/texmf-dist/tex/latex/mh/mathtools.sty
Package: mathtools 2013/02/12 v1.13 mathematical typesetting tools

(/usr/share/texlive/texmf-dist/tex/latex/tools/calc.sty
Package: calc 2007/08/22 v4.3 Infix arithmetic (KKT,FJ)
\calc@Acount=\count116
\calc@Bcount=\count117
\calc@Adimen=\dimen126
\calc@Bdimen=\dimen127
\calc@Askip=\skip49
\calc@Bskip=\skip50
LaTeX Info: Redefining \setlength on input line 76.
LaTeX Info: Redefining \addtolength on input line 77.
\calc@Ccount=\count118
\calc@Cskip=\skip51
)
(/usr/share/texlive/texmf-dist/tex/latex/mh/mhsetup.sty
Package: mhsetup 2010/01/21 v1.2a programming setup (MH)
)
LaTeX Info: Thecontrolsequence`\['isalreadyrobust on input line 129.
LaTeX Info: Thecontrolsequence`\]'isalreadyrobust on input line 129.
\g_MT_multlinerow_int=\count119
\l_MT_multwidth_dim=\dimen128
\origjot=\skip52
\l_MT_shortvdotswithinadjustabove_dim=\dimen129
\l_MT_shortvdotswithinadjustbelow_dim=\dimen130
\l_MT_above_intertext_sep=\dimen131
\l_MT_below_intertext_sep=\dimen132
\l_MT_above_shortintertext_sep=\dimen133
\l_MT_below_shortintertext_sep=\dimen134
)
(/usr/share/texlive/texmf-dist/tex/latex/bbding/bbding.sty
Package: bbding 1999/04/15 v1.01 Dingbats symbols
)
(/usr/share/texlive/texmf-dist/tex/latex/pdfpages/pdfpages.sty
Package: pdfpages 2013/08/25 v0.4v Insert pages of external PDF documents (AM)

(/usr/share/texlive/texmf-dist/tex/latex/eso-pic/eso-pic.sty
Package: eso-pic 2013/10/06 v2.0d eso-pic (RN)
)
Package srcltx Info: Expanded filename `pppdftex.def' to `pppdftex.def.tex' on 
input line 65.

:<+ pppdftex.def.tex
(/usr/share/texlive/texmf-dist/tex/latex/pdfpages/pppdftex.def
File: pppdftex.def 2013/08/25 v0.4v Pdfpages driver for pdfTeX (AM)
)
:<-
\AM@pagebox=\box29
\AM@toc@title=\toks29
\c@AM@survey=\count120
\AM@templatesizebox=\box30
) (/usr/share/texlive/texmf-dist/tex/latex/sectsty/sectsty.sty
Package: sectsty 2002/02/25 v2.0.2 Commands to change all sectional heading sty
les
)
(/usr/share/texlive/texmf-dist/tex/latex/makecell/makecell.sty
Package: makecell 2009/08/03 V0.1e Managing of Tab Column Heads and Cells

(/usr/share/texlive/texmf-dist/tex/latex/tools/array.sty
Package: array 2008/09/09 v2.4c Tabular extension package (FMi)
\col@sep=\dimen135
\extrarowheight=\dimen136
\NC@list=\toks30
\extratabsurround=\skip53
\backup@length=\skip54
)
\rotheadsize=\dimen137
\c@nlinenum=\count121
\TeXr@lab=\toks31
)
(/usr/share/texlive/texmf-dist/tex/latex/tools/longtable.sty
Package: longtable 2004/02/01 v4.11 Multi-page Table package (DPC)
\LTleft=\skip55
\LTright=\skip56
\LTpre=\skip57
\LTpost=\skip58
\LTchunksize=\count122
\LTcapwidth=\dimen138
\LT@head=\box31
\LT@firsthead=\box32
\LT@foot=\box33
\LT@lastfoot=\box34
\LT@cols=\count123
\LT@rows=\count124
\c@LT@tables=\count125
\c@LT@chunks=\count126
\LT@p@ftn=\toks32
)
(/usr/share/texlive/texmf-dist/tex/latex/float/float.sty
Package: float 2001/11/08 v1.3d Float enhancements (AL)
\c@float@type=\count127
\float@exts=\toks33
\float@box=\box35
\@float@everytoks=\toks34
\@floatcapt=\box36
)
(/usr/share/texlive/texmf-dist/tex/latex/listings/listings.sty
\lst@mode=\count128
\lst@gtempboxa=\box37
\lst@token=\toks35
\lst@length=\count129
\lst@currlwidth=\dimen139
\lst@column=\count130
\lst@pos=\count131
\lst@lostspace=\dimen140
\lst@width=\dimen141
\lst@newlines=\count132
\lst@lineno=\count133
\lst@maxwidth=\dimen142

(/usr/share/texlive/texmf-dist/tex/latex/listings/lstmisc.sty
File: lstmisc.sty 2013/08/26 1.5b (Carsten Heinz)
\c@lstnumber=\count134
\lst@skipnumbers=\count135
\lst@framebox=\box38
)
(/usr/share/texlive/texmf-dist/tex/latex/listings/listings.cfg
File: listings.cfg 2013/08/26 1.5b listings configuration
))
Package: listings 2013/08/26 1.5b (Carsten Heinz)

(/usr/share/texlive/texmf-dist/tex/latex/listings/lstlang1.sty
File: lstlang1.sty 2013/08/26 1.5b listings language file
)
:<+ bookmacros.tex
\@input{bookmacros.aux}
\openout2 = `bookmacros.aux'.

(./bookmacros.tex)
:<-
(./bookGA.aux (./BasicGA.aux) (./ExamplesGA.aux)
(./GeometricCalculusDerivative.aux) (./GeometricCalculusIntegration.aux)
(./GeometricCalculusManifolds.aux

LaTeX Warning: Label `eq452' multiply defined.

) (./DifferentialForms.aux

LaTeX Warning: Label `eq5_158' multiply defined.

) (./MultivectorCalculus.aux) (./Tensors.aux

LaTeX Warning: Label `eq137a' multiply defined.

) (./Lagrangian.aux) (./LieGroupsAsSpinGroups.aux) (./ElectromagneticTheory.aux
) (./Appendix.aux

LaTeX Warning: Label `eq448' multiply defined.

))
\openout1 = `bookGA.aux'.

LaTeX Font Info:    Checking defaults for OML/cmm/m/it on input line 45.
LaTeX Font Info:    ... okay on input line 45.
LaTeX Font Info:    Checking defaults for T1/cmr/m/n on input line 45.
LaTeX Font Info:    ... okay on input line 45.
LaTeX Font Info:    Checking defaults for OT1/cmr/m/n on input line 45.
LaTeX Font Info:    ... okay on input line 45.
LaTeX Font Info:    Checking defaults for OMS/cmsy/m/n on input line 45.
LaTeX Font Info:    ... okay on input line 45.
LaTeX Font Info:    Checking defaults for OMX/cmex/m/n on input line 45.
LaTeX Font Info:    ... okay on input line 45.
LaTeX Font Info:    Checking defaults for U/cmr/m/n on input line 45.
LaTeX Font Info:    ... okay on input line 45.
LaTeX Font Info:    Checking defaults for PD1/pdf/m/n on input line 45.
LaTeX Font Info:    ... okay on input line 45.

*geometry* detected driver: pdftex
*geometry* verbose mode - [ preamble ] result:
* driver: pdftex
* paper: <default>
* layout: <same size as paper>
* layoutoffset:(h,v)=(0.0pt,0.0pt)
* modes: twoside 
* h-part:(L,W,R)=(49.14285pt, 491.43787pt, 73.71428pt)
* v-part:(T,H,B)=(95.39737pt, 556.47656pt, 143.09605pt)
* \paperwidth=614.295pt
* \paperheight=794.96999pt
* \textwidth=491.43787pt
* \textheight=556.47656pt
* \oddsidemargin=-23.12714pt
* \evensidemargin=1.44429pt
* \topmargin=-12.37238pt
* \headheight=12.0pt
* \headsep=23.49976pt
* \topskip=12.0pt
* \footskip=30.0pt
* \marginparwidth=98.0pt
* \marginparsep=7.0pt
* \columnsep=10.0pt
* \skip\footins=10.8pt plus 4.0pt minus 2.0pt
* \hoffset=0.0pt
* \voffset=0.0pt
* \mag=1000
* \@twocolumnfalse
* \@twosidetrue
* \@mparswitchtrue
* \@reversemarginfalse
* (1in=72.27pt=25.4mm, 1cm=28.453pt)

(/usr/share/texlive/texmf-dist/tex/context/base/supp-pdf.mkii
[Loading MPS to PDF converter (version 2006.09.02).]
\scratchcounter=\count136
\scratchdimen=\dimen143
\scratchbox=\box39
\nofMPsegments=\count137
\nofMParguments=\count138
\everyMPshowfont=\toks36
\MPscratchCnt=\count139
\MPscratchDim=\dimen144
\MPnumerator=\count140
\makeMPintoPDFobject=\count141
\everyMPtoPDFconversion=\toks37
) (/usr/share/texlive/texmf-dist/tex/latex/oberdiek/epstopdf-base.sty
Package: epstopdf-base 2010/02/09 v2.5 Base part for package epstopdf

(/usr/share/texlive/texmf-dist/tex/latex/oberdiek/grfext.sty
Package: grfext 2010/08/19 v1.1 Manage graphics extensions (HO)
)
Package grfext Info: Graphics extension search list:
(grfext)             [.pdf,.eps]
(grfext)             \AppendGraphicsExtensions on input line 452.

(/usr/share/texlive/texmf-dist/tex/latex/latexconfig/epstopdf-sys.cfg
File: epstopdf-sys.cfg 2010/07/13 v1.3 Configuration of (r)epstopdf for TeX Liv
e
))
\AtBeginShipoutBox=\box40
Package hyperref Info: Link coloring OFF on input line 45.

(/usr/share/texlive/texmf-dist/tex/latex/hyperref/nameref.sty
Package: nameref 2012/10/27 v2.43 Cross-referencing by name of section

(/usr/share/texlive/texmf-dist/tex/generic/oberdiek/gettitlestring.sty
Package: gettitlestring 2010/12/03 v1.4 Cleanup title references (HO)
)
\c@section@level=\count142
)
LaTeX Info: Redefining \ref on input line 45.
LaTeX Info: Redefining \pageref on input line 45.
LaTeX Info: Redefining \nameref on input line 45.

(./bookGA.out) (./bookGA.out)
\@outlinefile=\write4
\openout4 = `bookGA.out'.

\c@lstlisting=\count143
LaTeX Font Info:    Try loading font information for U+msa on input line 49.

(/usr/share/texlive/texmf-dist/tex/latex/amsfonts/umsa.fd
File: umsa.fd 2013/01/14 v3.01 AMS symbols A
)
LaTeX Font Info:    Try loading font information for U+msb on input line 49.

(/usr/share/texlive/texmf-dist/tex/latex/amsfonts/umsb.fd
File: umsb.fd 2013/01/14 v3.01 AMS symbols B
) [1





{/var/lib/texmf/fonts/map/pdftex/updmap/pdftex.map}] [2] (./bookGA.toc
Underfull \vbox (badness 7869) has occurred while \output is active []

 [3

]
[4] [5])
\tf@toc=\write5
\openout5 = `bookGA.toc'.

 [6]
:<+ BasicGA.tex
\openout2 = `BasicGA.aux'.

(./BasicGA.tex
Chapter 1.

Underfull \hbox (badness 10000) in paragraph at lines 3--9

 []

[7



]

Package hyperref Warning: Token not allowed in a PDF string (PDFDocEncoding):
(hyperref)                removing `math shift' on input line 27.


Package hyperref Warning: Token not allowed in a PDF string (PDFDocEncoding):
(hyperref)                removing `\cdot' on input line 27.


Package hyperref Warning: Token not allowed in a PDF string (PDFDocEncoding):
(hyperref)                removing `math shift' on input line 27.


Package hyperref Warning: Token not allowed in a PDF string (PDFDocEncoding):
(hyperref)                removing `math shift' on input line 27.


Package hyperref Warning: Token not allowed in a PDF string (PDFDocEncoding):
(hyperref)                removing `\wedge' on input line 27.


Package hyperref Warning: Token not allowed in a PDF string (PDFDocEncoding):
(hyperref)                removing `math shift' on input line 27.


Package hyperref Warning: Token not allowed in a PDF string (PDFDocEncoding):
(hyperref)                removing `math shift' on input line 67.


Package hyperref Warning: Token not allowed in a PDF string (PDFDocEncoding):
(hyperref)                removing `\wedge' on input line 67.


Package hyperref Warning: Token not allowed in a PDF string (PDFDocEncoding):
(hyperref)                removing `math shift' on input line 67.


Package hyperref Warning: Token not allowed in a PDF string (PDFDocEncoding):
(hyperref)                removing `math shift' on input line 67.


Package hyperref Warning: Token not allowed in a PDF string (PDFDocEncoding):
(hyperref)                removing `math shift' on input line 67.

[8]

Package hyperref Warning: Token not allowed in a PDF string (PDFDocEncoding):
(hyperref)                removing `math shift' on input line 87.


Package hyperref Warning: Token not allowed in a PDF string (PDFDocEncoding):
(hyperref)                removing `\wedge' on input line 87.


Package hyperref Warning: Token not allowed in a PDF string (PDFDocEncoding):
(hyperref)                removing `math shift' on input line 87.


Package hyperref Warning: Token not allowed in a PDF string (PDFDocEncoding):
(hyperref)                removing `math shift' on input line 87.


Package hyperref Warning: Token not allowed in a PDF string (PDFDocEncoding):
(hyperref)                removing `math shift' on input line 87.


Overfull \hbox (11.89706pt too wide) has occurred while \output is active
\OT1/cmr/m/sl/12 1.4.  OUTER, $\OMS/cmsy/m/n/12 ^$\OT1/cmr/m/sl/12 , PRODUCT FO
R $\OML/cmm/m/it/12 R$ \OT1/cmr/m/sl/12 VECTORS IN TERMS OF THE GEOMETRIC PRODU
CT \OT1/cmr/m/n/12 9
 []

[9] [10] [11]

Package amsmath Warning: Foreign command \atopwithdelims;
(amsmath)                \frac or \genfrac should be used instead
(amsmath)                 on input line 213.


Package hyperref Warning: Token not allowed in a PDF string (PDFDocEncoding):
(hyperref)                removing `math shift' on input line 216.


Package hyperref Warning: Token not allowed in a PDF string (PDFDocEncoding):
(hyperref)                removing `\left' on input line 216.


Package hyperref Warning: Token not allowed in a PDF string (PDFDocEncoding):
(hyperref)                removing `\right' on input line 216.


Package hyperref Warning: Token not allowed in a PDF string (PDFDocEncoding):
(hyperref)                removing `math shift' on input line 216.


LaTeX Font Warning: Command \small invalid in math mode on input line 228.


Package hyperref Warning: Token not allowed in a PDF string (PDFDocEncoding):
(hyperref)                removing `math shift' on input line 244.


Package hyperref Warning: Token not allowed in a PDF string (PDFDocEncoding):
(hyperref)                removing `\left' on input line 244.


Package hyperref Warning: Token not allowed in a PDF string (PDFDocEncoding):
(hyperref)                removing `\right' on input line 244.


Package hyperref Warning: Token not allowed in a PDF string (PDFDocEncoding):
(hyperref)                removing `math shift' on input line 244.


Underfull \vbox (badness 3758) has occurred while \output is active []

 [12]

LaTeX Font Warning: Command \small invalid in math mode on input line 246.


LaTeX Font Warning: Command \small invalid in math mode on input line 268.

<reflect.png, id=744, 236.92516pt x 267.03764pt>
File: reflect.png Graphic file (type png)
 <use reflect.png>
Package pdftex.def Info: reflect.png used on input line 295.
(pdftex.def)             Requested size: 236.92458pt x 267.03697pt.

Underfull \vbox (badness 10000) has occurred while \output is active []

 [13]
Underfull \vbox (badness 10000) has occurred while \output is active []

 [14pdfTeX warning (ext4): destination with the same identifier (name{figure.1.
1}) has been already used, duplicate ignored

\AtBegShi@Output ...ipout \box \AtBeginShipoutBox 
                                                  \fi \fi 
l.317 \ee
          <./reflect.png>] [15] <rotate.png, id=768, 326.1786pt x 185.7339pt>
File: rotate.png Graphic file (type png)

<use rotate.png>
Package pdftex.def Info: rotate.png used on input line 366.
(pdftex.def)             Requested size: 326.1778pt x 185.73344pt.
 [16pdfTeX warning (ext4): destination with the same identifier (name{figure.1.
2}) has been already used, duplicate ignored

\AtBegShi@Output ...ipout \box \AtBeginShipoutBox 
                                                  \fi \fi 
l.382 \ee
          <./rotate.png>]

Package hyperref Warning: Token not allowed in a PDF string (PDFDocEncoding):
(hyperref)                removing `math shift' on input line 406.


Package hyperref Warning: Token not allowed in a PDF string (PDFDocEncoding):
(hyperref)                removing `\cdot' on input line 406.


Package hyperref Warning: Token not allowed in a PDF string (PDFDocEncoding):
(hyperref)                removing `math shift' on input line 406.


Package hyperref Warning: Token not allowed in a PDF string (PDFDocEncoding):
(hyperref)                removing `math shift' on input line 406.


Package hyperref Warning: Token not allowed in a PDF string (PDFDocEncoding):
(hyperref)                removing `\wedge' on input line 406.


Package hyperref Warning: Token not allowed in a PDF string (PDFDocEncoding):
(hyperref)                removing `math shift' on input line 406.

[17] [18] [19] [20] [21] [22] [23]
Overfull \hbox (5.58315pt too wide) in paragraph at lines 690--693
\OT1/cmr/m/n/12 Let $[]\OML/cmm/m/it/12 e[]; [] ; e[]$ \OT1/cmr/m/n/12 be an or
-thog-o-nal set for the vec-tor space where $\OML/cmm/m/it/12 B[] \OT1/cmr/m/n/
12 = \OML/cmm/m/it/12 e[] [] e[]$ \OT1/cmr/m/n/12 and $[]\OML/cmm/m/it/12 A[] \
OT1/cmr/m/n/12 = []$
 []

[24]) [25]
:<-
:<+ ExamplesGA.tex
\openout2 = `ExamplesGA.aux'.

(./ExamplesGA.tex [26




]
Chapter 2.
[27] [28] [29] [30]) [31]
:<-
:<+ GeometricCalculusDerivative.tex
\openout2 = `GeometricCalculusDerivative.aux'.

(./GeometricCalculusDerivative.tex [32




]
Chapter 3.
[33] [34] [35] [36] [37] [38] [39] [40]) [41]
:<-
:<+ GeometricCalculusIntegration.tex
\openout2 = `GeometricCalculusIntegration.aux'.

(./GeometricCalculusIntegration.tex [42




]
Chapter 4.
[43] <simplex.png, id=1121, 344.2461pt x 282.0939pt>
File: simplex.png Graphic file (type png)
 <use simplex.png>
Package pdftex.def Info: simplex.png used on input line 39.
(pdftex.def)             Requested size: 344.24524pt x 282.0932pt.

<planarsimplex.png, id=1122, 370.5042pt x 318.2289pt>
File: planarsimplex.png Graphic file (type png)
 <use planarsimplex.png>
Package pdftex.def Info: planarsimplex.png used on input line 46.
(pdftex.def)             Requested size: 370.50328pt x 318.2281pt.


Package hyperref Warning: Token not allowed in a PDF string (PDFDocEncoding):
(hyperref)                removing `math shift' on input line 66.


Package hyperref Warning: Token not allowed in a PDF string (PDFDocEncoding):
(hyperref)                removing `math shift' on input line 66.


Package hyperref Warning: Token not allowed in a PDF string (PDFDocEncoding):
(hyperref)                removing `math shift' on input line 68.


Package hyperref Warning: Token not allowed in a PDF string (PDFDocEncoding):
(hyperref)                removing `math shift' on input line 68.

[44pdfTeX warning (ext4): destination with the same identifier (name{figure.4.1
}) has been already used, duplicate ignored

\AtBegShi@Output ...ipout \box \AtBeginShipoutBox 
                                                  \fi \fi 
l.72 
      <./simplex.png>]

Package hyperref Warning: Token not allowed in a PDF string (PDFDocEncoding):
(hyperref)                removing `math shift' on input line 78.


Package hyperref Warning: Token not allowed in a PDF string (PDFDocEncoding):
(hyperref)                removing `math shift' on input line 78.

[45pdfTeX warning (ext4): destination with the same identifier (name{figure.4.2
}) has been already used, duplicate ignored

\AtBegShi@Output ...ipout \box \AtBeginShipoutBox 
                                                  \fi \fi 
l.92 \ee
         <./planarsimplex.png>] [46] [47] [48] [49] [50pdfTeX warning (ext4): d
estination with the same identifier (name{equation.4.4.38}) has been already us
ed, duplicate ignored

\AtBegShi@Output ...ipout \box \AtBeginShipoutBox 
                                                  \fi \fi 
l.283 \end{align}
                 ] [51] [52] [53] [54] [55] [56] [57]
Overfull \hbox (1.93153pt too wide) in paragraph at lines 544--544
[][]\OT1/cmr/bx/n/14.4 Cauchy's In-te-gral For-mula In Two Di-men-sions (Com-pl
ex Plane) 
 []

[58]
Underfull \vbox (badness 3088) has occurred while \output is active []

 [59]

Package hyperref Warning: Token not allowed in a PDF string (PDFDocEncoding):
(hyperref)                removing `math shift' on input line 602.


Package hyperref Warning: Token not allowed in a PDF string (PDFDocEncoding):
(hyperref)                removing `math shift' on input line 602.

[60] [61pdfTeX warning (ext4): destination with the same identifier (name{equat
ion.4.5.109}) has been already used, duplicate ignored

\AtBegShi@Output ...ipout \box \AtBeginShipoutBox 
                                                  \fi \fi 
l.652 \end{align}
                 ] [62pdfTeX warning (ext4): destination with the same identifi
er (name{equation.4.5.113}) has been already used, duplicate ignored

\AtBegShi@Output ...ipout \box \AtBeginShipoutBox 
                                                  \fi \fi 
l.676 \end{align}
                 ] [63]) [64]
:<-
:<+ GeometricCalculusManifolds.tex
\openout2 = `GeometricCalculusManifolds.aux'.

(./GeometricCalculusManifolds.tex
Chapter 5.

Overfull \hbox (86.72212pt too wide) in paragraph at lines 15--15
 []$[]$ 
 []


Underfull \vbox (badness 10000) has occurred while \output is active []

 [65




]
Underfull \hbox (badness 10000) in paragraph at lines 26--29

 []

[66] [67] [68] [69] [70] [71] [72] [73] [74]
Overfull \hbox (2.3149pt too wide) in paragraph at lines 397--397
[] 
 []

[75] [76] [77pdfTeX warning (ext4): destination with the same identifier (name{
equation.5.3.98}) has been already used, duplicate ignored

\AtBegShi@Output ...ipout \box \AtBeginShipoutBox 
                                                  \fi \fi 
l.515 \be
         \label{eq469}] [78]
<mercator_annotated.pdf, id=1595, 614.295pt x 794.97pt>
File: mercator_annotated.pdf Graphic file (type pdf)

<use mercator_annotated.pdf>
Package pdftex.def Info: mercator_annotated.pdf used on input line 574.
(pdftex.def)             Requested size: 614.29349pt x 794.96806pt.


LaTeX Warning: Float too large for page by 84.69862pt on input line 577.

[79] [80pdfTeX warning (ext4): destination with the same identifier (name{figur
e.5.1}) has been already used, duplicate ignored

\AtBegShi@Output ...ipout \box \AtBeginShipoutBox 
                                                  \fi \fi 
l.594 \ee
          <./mercator_annotated.pdf>] [81] [82] [83]
<manifold_simplex.png, id=1716, 1243.64626pt x 1226.5825pt>
File: manifold_simplex.png Graphic file (type png)

<use manifold_simplex.png>
Package pdftex.def Info: manifold_simplex.png used on input line 735.
(pdftex.def)             Requested size: 1243.64322pt x 1226.57951pt.
 [84pdfTeX warning (ext4): destination with the same identifier (name{figure.5.
2}) has been already used, duplicate ignored

\AtBegShi@Output ...ipout \box \AtBeginShipoutBox 
                                                  \fi \fi 
l.750 
       <./manifold_simplex.png>] [85pdfTeX warning (ext4): destination with the
 same identifier (name{equation.5.5.130}) has been already used, duplicate igno
red

\AtBegShi@Output ...ipout \box \AtBeginShipoutBox 
                                                  \fi \fi 
l.787 \begin{align}
                   ] [86]
Overfull \hbox (9.09691pt too wide) in paragraph at lines 823--823
[] 
 []

) [87]
:<-
:<+ DifferentialForms.tex
\openout2 = `DifferentialForms.aux'.

(./DifferentialForms.tex [88



] [89] [90] [91] [92]
<manifolddef_crop.pdf, id=1837, 609.27625pt x 381.425pt>
File: manifolddef_crop.pdf Graphic file (type pdf)

<use manifolddef_crop.pdf>
Package pdftex.def Info: manifolddef_crop.pdf used on input line 226.
(pdftex.def)             Requested size: 609.27475pt x 381.42406pt.
 [93] [94pdfTeX warning (ext4): destination with the same identifier (name{figu
re.5.3}) has been already used, duplicate ignored

\AtBegShi@Output ...ipout \box \AtBeginShipoutBox 
                                                  \fi \fi 
l.245 \ee
          <./manifolddef_crop.pdf>]pdfTeX warning (ext4): destination with the 
same identifier (name{equation.5.6.191}) has been already used, duplicate ignor
ed
<to be read again> 
                   \relax 
l.248 \be
         pdfTeX warning (ext4): destination with the same identifier (name{equa
tion.5.6.191}) has been already used, duplicate ignored
<to be read again> 
                   \relax 
l.248 \be
         pdfTeX warning (ext4): destination with the same identifier (name{equa
tion.5.6.191}) has been already used, duplicate ignored
<to be read again> 
                   \relax 
l.248 \be
         pdfTeX warning (ext4): destination with the same identifier (name{equa
tion.5.6.191}) has been already used, duplicate ignored
<to be read again> 
                   \relax 
l.248 \be
          [95pdfTeX warning (ext4): destination with the same identifier (name{
equation.5.6.191}) has been already used, duplicate ignored

\AtBegShi@Output ...ipout \box \AtBeginShipoutBox 
                                                  \fi \fi 
l.281 \ee
         ] [96] [97] [98]) [99]
:<-
:<+ MultivectorCalculus.tex
\openout2 = `MultivectorCalculus.aux'.

(./MultivectorCalculus.tex [100




]
Chapter 6.
[101] [102] [103] [104]
Underfull \vbox (badness 10000) has occurred while \output is active []

 [105]
[106] [107] [108] [109] [110] [111] [112]) [113]
:<-
:<+ Tensors.tex
\openout2 = `Tensors.aux'.

(./Tensors.tex [114




]
Chapter 7.

Underfull \vbox (badness 2012) has occurred while \output is active []

 [115]
[116]
Underfull \vbox (badness 10000) has occurred while \output is active []

 [117]
[118] [119] [120] <parallel_transport1.pdf, id=2216, 301.10493pt x 301.125pt>
File: parallel_transport1.pdf Graphic file (type pdf)

<use parallel_transport1.pdf>
Package pdftex.def Info: parallel_transport1.pdf used on input line 239.
(pdftex.def)             Requested size: 301.10419pt x 301.12425pt.

<parallel_transport2.pdf, id=2217, 301.10493pt x 301.125pt>
File: parallel_transport2.pdf Graphic file (type pdf)

<use parallel_transport2.pdf>
Package pdftex.def Info: parallel_transport2.pdf used on input line 246.
(pdftex.def)             Requested size: 301.10419pt x 301.12425pt.
 [121]

LaTeX Warning: `h' float specifier changed to `ht'.


Underfull \vbox (badness 10000) has occurred while \output is active []

 [122pdfTeX warning (ext4): destination with the same identifier (name{figure.7
.1}) has been already used, duplicate ignored

\AtBegShi@Output ...ipout \box \AtBeginShipoutBox 
                                                  \fi \fi 
l.271 \end{align}
                  <./parallel_transport1.pdf>]
Overfull \vbox (10.99852pt too high) has occurred while \output is active []


[123pdfTeX warning (ext4): destination with the same identifier (name{figure.7.
2}) has been already used, duplicate ignored

\AtBegShi@Output ...ipout \box \AtBeginShipoutBox 
                                                  \fi \fi 
l.271 \end{align}
                  <./parallel_transport2.pdf>] [124] [125]
Overfull \hbox (10.6862pt too wide) in paragraph at lines 360--365
[]\OT1/cmr/m/n/12 In the pre-vi-ous sec-tions on ten-sors a trans-for-ma-tion o
f co-or-di-nate tu-ples $[][] [] = []$,
 []


Underfull \vbox (badness 10000) has occurred while \output is active []

 [126])
[127]
:<-
:<+ Lagrangian.tex
\openout2 = `Lagrangian.aux'.

(./Lagrangian.tex [128




]
Chapter 8.
[129] [130] [131] [132] [133] [134] [135] [136]
Overfull \hbox (22.97269pt too wide) in paragraph at lines 287--287
[] 
 []

[137] [138] [139] [140] [141] [142] [143] [144]) [145]
:<-
:<+ LieGroupsAsSpinGroups.tex
\openout2 = `LieGroupsAsSpinGroups.aux'.

(./LieGroupsAsSpinGroups.tex [146




]
Chapter 9.
LaTeX Font Info:    Try loading font information for U+euf on input line 13.
(/usr/share/texlive/texmf-dist/tex/latex/amsfonts/ueuf.fd
File: ueuf.fd 2013/01/14 v3.01 Euler Fraktur
) [147]

Package hyperref Warning: Token not allowed in a PDF string (PDFDocEncoding):
(hyperref)                removing `math shift' on input line 45.


Package hyperref Warning: Token not allowed in a PDF string (PDFDocEncoding):
(hyperref)                removing `\left' on input line 45.


Package hyperref Warning: Token not allowed in a PDF string (PDFDocEncoding):
(hyperref)                removing `\right' on input line 45.


Package hyperref Warning: Token not allowed in a PDF string (PDFDocEncoding):
(hyperref)                removing `math shift' on input line 45.


Package hyperref Warning: Token not allowed in a PDF string (PDFDocEncoding):
(hyperref)                removing `math shift' on input line 69.


Package hyperref Warning: Token not allowed in a PDF string (PDFDocEncoding):
(hyperref)                removing `\left' on input line 69.


Package hyperref Warning: Token not allowed in a PDF string (PDFDocEncoding):
(hyperref)                removing `\Re' on input line 69.


Package hyperref Warning: Token not allowed in a PDF string (PDFDocEncoding):
(hyperref)                removing `\right' on input line 69.


Package hyperref Warning: Token not allowed in a PDF string (PDFDocEncoding):
(hyperref)                removing `math shift' on input line 69.

[148] [149]

Package hyperref Warning: Token not allowed in a PDF string (PDFDocEncoding):
(hyperref)                removing `math shift' on input line 129.


Package hyperref Warning: Token not allowed in a PDF string (PDFDocEncoding):
(hyperref)                removing `subscript' on input line 129.


Package hyperref Warning: Token not allowed in a PDF string (PDFDocEncoding):
(hyperref)                removing `math shift' on input line 129.

[150] [151] [152] [153] [154]
Underfull \vbox (badness 2057) has occurred while \output is active []

 [155]
[156] [157] [158] [159] [160] [161] [162] [163] [164]

Package hyperref Warning: Token not allowed in a PDF string (PDFDocEncoding):
(hyperref)                removing `math shift' on input line 758.


Package hyperref Warning: Token not allowed in a PDF string (PDFDocEncoding):
(hyperref)                removing `\Re' on input line 758.


Package hyperref Warning: Token not allowed in a PDF string (PDFDocEncoding):
(hyperref)                removing `superscript' on input line 758.


Package hyperref Warning: Token not allowed in a PDF string (PDFDocEncoding):
(hyperref)                removing `math shift' on input line 758.

[165] [166]) [167]
:<-
:<+ ElectromagneticTheory.tex
\openout2 = `ElectromagneticTheory.aux'.

(./ElectromagneticTheory.tex [168




]
Chapter 10.
[169] [170] [171] [172] [173]
Underfull \vbox (badness 1603) has occurred while \output is active []

 [174]
[175] [176] [177]
Underfull \vbox (badness 10000) has occurred while \output is active []

 [178])
[179]
:<-
:<+ Appendix.tex
\openout2 = `Appendix.aux'.

(./Appendix.tex [180




]
Appendix A.
[181] [182] [183] [184] [185] [186

]
Appendix B.
[187] [188]
Appendix C.
[189

]
Overfull \hbox (10.09656pt too wide) has occurred while \output is active
\OT1/cmr/m/n/12 190 \OT1/cmr/m/sl/12 APPENDIX C.  REDUCTION RULES FOR SCALAR PR
OJECTIONS OF MULTIVECTORS
 []

[190] [191]
Overfull \hbox (10.09656pt too wide) has occurred while \output is active
\OT1/cmr/m/n/12 192 \OT1/cmr/m/sl/12 APPENDIX C.  REDUCTION RULES FOR SCALAR PR
OJECTIONS OF MULTIVECTORS
 []

[192

]
Appendix D.
[193] [194]
Underfull \vbox (badness 1668) has occurred while \output is active []

 [195]
[196]
Appendix E.

Underfull \vbox (badness 1062) has occurred while \output is active []

 [197

]
[198] [199] [200]
Appendix F.
[201

] [202]
Appendix G.

Package hyperref Warning: Token not allowed in a PDF string (PDFDocEncoding):
(hyperref)                removing `math shift' on input line 636.


Package hyperref Warning: Token not allowed in a PDF string (PDFDocEncoding):
(hyperref)                removing `\left' on input line 636.


Package hyperref Warning: Token not allowed in a PDF string (PDFDocEncoding):
(hyperref)                removing `\Re' on input line 636.


Package hyperref Warning: Token not allowed in a PDF string (PDFDocEncoding):
(hyperref)                removing `\right' on input line 636.


Package hyperref Warning: Token not allowed in a PDF string (PDFDocEncoding):
(hyperref)                removing `math shift' on input line 636.

LaTeX Font Info:    Try loading font information for OMS+cmr on input line 652.

(/usr/share/texlive/texmf-dist/tex/latex/base/omscmr.fd
File: omscmr.fd 1999/05/25 v2.5h Standard LaTeX font definitions
)
LaTeX Font Info:    Font shape `OMS/cmr/m/n' in size <12> not available
(Font)              Font shape `OMS/cmsy/m/n' tried instead on input line 652.
 [203

]
Overfull \hbox (410.96057pt too wide) in paragraph at lines 682--684
[][][][][][][][][][][][][][][][][][][][][][][][][][][][][][][][][][][][][][][][
][][][][][][][][][][][][][][][][][][][][][][][][][][][][][][] 
 []

LaTeX Font Info:    Try loading font information for OML+cmr on input line 688.

(/usr/share/texlive/texmf-dist/tex/latex/base/omlcmr.fd
File: omlcmr.fd 1999/05/25 v2.5h Standard LaTeX font definitions
)
LaTeX Font Info:    Font shape `OML/cmr/m/n' in size <12> not available
(Font)              Font shape `OML/cmm/m/it' tried instead on input line 688.

Overfull \hbox (44.3612pt too wide) in paragraph at lines 688--690
[][][][][][][][][][][][][][][][][][][][][][][][][][][][][][][][][][][][][][][][
][][][][][][][][][] 
 []


Underfull \vbox (badness 10000) has occurred while \output is active []


Overfull \hbox (36.07986pt too wide) has occurred while \output is active
\OT1/cmr/m/n/12 204 \OT1/cmr/m/sl/12 APPENDIX G.  \OT1/cmr/m/n/12 SYMPY/GALGEBR
A \OT1/cmr/m/sl/12 EVALUATION OF $[] []$ STRUCTURE CONSTANTS
 []

[204]
Underfull \hbox (badness 10000) in paragraph at lines 710--712

 []

[205]
Overfull \hbox (36.07986pt too wide) has occurred while \output is active
\OT1/cmr/m/n/12 206 \OT1/cmr/m/sl/12 APPENDIX G.  \OT1/cmr/m/n/12 SYMPY/GALGEBR
A \OT1/cmr/m/sl/12 EVALUATION OF $[] []$ STRUCTURE CONSTANTS
 []

[206]
Appendix H.
[207

] [208

]
Appendix I.
[209] <minkowski.pdf, id=3446, 587.19376pt x 442.65375pt>
File: minkowski.pdf Graphic file (type pdf)
 <use minkowski.pdf>
Package pdftex.def Info: minkowski.pdf used on input line 808.
(pdftex.def)             Requested size: 587.19232pt x 442.65265pt.

[210pdfTeX warning (ext4): destination with the same identifier (name{figure.I.
1}) has been already used, duplicate ignored

\AtBegShi@Output ...ipout \box \AtBeginShipoutBox 
                                                  \fi \fi 
l.816 \end{align*}
                   <./minkowski.pdf>]
<universe1d_tmp.pdf, id=3479, 614.295pt x 794.97pt>
File: universe1d_tmp.pdf Graphic file (type pdf)
 <use universe1d_tmp.pdf>
Package pdftex.def Info: universe1d_tmp.pdf used on input line 821.
(pdftex.def)             Requested size: 614.29349pt x 361.34915pt.

Overfull \hbox (57.81693pt too wide) in paragraph at lines 821--822
 [][][] 
 []

[211] [212pdfTeX warning (ext4): destination with the same identifier (name{fig
ure.I.2}) has been already used, duplicate ignored

\AtBegShi@Output ...ipout \box \AtBeginShipoutBox 
                                                  \fi \fi 
l.873 \ee
          <./universe1d_tmp.pdf>] [213]
<lightcone.pdf, id=3534, 587.19376pt x 442.65375pt>
File: lightcone.pdf Graphic file (type pdf)
 <use lightcone.pdf>
Package pdftex.def Info: lightcone.pdf used on input line 928.
(pdftex.def)             Requested size: 587.19232pt x 442.65265pt.

<periodiclightcone.pdf, id=3537, 587.19376pt x 511.31024pt>
File: periodiclightcone.pdf Graphic file (type pdf)

<use periodiclightcone.pdf>
Package pdftex.def Info: periodiclightcone.pdf used on input line 940.
(pdftex.def)             Requested size: 587.19232pt x 511.30898pt.
 [214pdfTeX warning (ext4): destination with the same identifier (name{figure.I
.3}) has been already used, duplicate ignored

\AtBegShi@Output ...ipout \box \AtBeginShipoutBox 
                                                  \fi \fi 
l.948 \ee
          <./lightcone.pdf>] [215pdfTeX warning (ext4): destination with the sa
me identifier (name{figure.I.4}) has been already used, duplicate ignored

\AtBegShi@Output ...ipout \box \AtBeginShipoutBox 
                                                  \fi \fi 
l.948 \ee
          <./periodiclightcone.pdf>]
<exclusion.pdf, id=3598, 824.78139pt x 605.26125pt>
File: exclusion.pdf Graphic file (type pdf)
 <use exclusion.pdf>
Package pdftex.def Info: exclusion.pdf used on input line 987.
(pdftex.def)             Requested size: 824.77937pt x 605.25975pt.

[216] [217pdfTeX warning (ext4): destination with the same identifier (name{fig
ure.I.5}) has been already used, duplicate ignored

\AtBegShi@Output ...ipout \box \AtBeginShipoutBox 
                                                  \fi \fi 
l.993  \item $
              \bfrac{\vartheta}{\pi}$ is the fractional distance around the ...
 <./exclusion.pdf>]) [218]
:<-
Package atveryend Info: Empty hook `BeforeClearDocument' on input line 92.
[219


]
Package atveryend Info: Empty hook `AfterLastShipout' on input line 92.
 (./bookGA.aux (./BasicGA.aux) (./ExamplesGA.aux)
(./GeometricCalculusDerivative.aux) (./GeometricCalculusIntegration.aux)
(./GeometricCalculusManifolds.aux) (./DifferentialForms.aux)
(./MultivectorCalculus.aux) (./Tensors.aux) (./Lagrangian.aux)
(./LieGroupsAsSpinGroups.aux) (./ElectromagneticTheory.aux) (./Appendix.aux))
Package atveryend Info: Executing hook `AtVeryEndDocument' on input line 92.
Package atveryend Info: Executing hook `AtEndAfterFileList' on input line 92.
Package rerunfilecheck Info: File `bookGA.out' has not changed.
(rerunfilecheck)             Checksum: 80AE672E7E92CF2183C7CBD0CF50E0F7;9659.


LaTeX Warning: There were multiply-defined labels.

Package atveryend Info: Empty hook `AtVeryVeryEnd' on input line 92.
 ) 
Here is how much of TeX's memory you used:
 12555 strings out of 493304
 177367 string characters out of 6139871
 299953 words of memory out of 5000000
 13993 multiletter control sequences out of 15000+600000
 35339 words of font info for 130 fonts, out of 8000000 for 9000
 957 hyphenation exceptions out of 8191
 32i,22n,46p,457b,1839s stack positions out of 5000i,500n,10000p,200000b,80000s
</usr/share/texlive/texmf-dist/fonts/type1/public/amsfonts/cm/cmbsy10.pfb></u
sr/share/texlive/texmf-dist/fonts/type1/public/amsfonts/cmextra/cmbsy8.pfb></us
r/share/texlive/texmf-dist/fonts/type1/public/amsfonts/cm/cmbx10.pfb></usr/shar
e/texlive/texmf-dist/fonts/type1/public/amsfonts/cm/cmbx12.pfb></usr/share/texl
ive/texmf-dist/fonts/type1/public/amsfonts/cm/cmbx8.pfb></usr/share/texlive/tex
mf-dist/fonts/type1/public/amsfonts/cm/cmbxti10.pfb></usr/share/texlive/texmf-d
ist/fonts/type1/public/amsfonts/cm/cmex10.pfb></usr/share/texlive/texmf-dist/fo
nts/type1/public/amsfonts/cmextra/cmex8.pfb></usr/share/texlive/texmf-dist/font
s/type1/public/amsfonts/cm/cmmi10.pfb></usr/share/texlive/texmf-dist/fonts/type
1/public/amsfonts/cm/cmmi12.pfb></usr/share/texlive/texmf-dist/fonts/type1/publ
ic/amsfonts/cm/cmmi5.pfb></usr/share/texlive/texmf-dist/fonts/type1/public/amsf
onts/cm/cmmi6.pfb></usr/share/texlive/texmf-dist/fonts/type1/public/amsfonts/cm
/cmmi7.pfb></usr/share/texlive/texmf-dist/fonts/type1/public/amsfonts/cm/cmmi8.
pfb></usr/share/texlive/texmf-dist/fonts/type1/public/amsfonts/cm/cmmib10.pfb><
/usr/share/texlive/texmf-dist/fonts/type1/public/amsfonts/cmextra/cmmib6.pfb></
usr/share/texlive/texmf-dist/fonts/type1/public/amsfonts/cmextra/cmmib8.pfb></u
sr/share/texlive/texmf-dist/fonts/type1/public/amsfonts/cm/cmr10.pfb></usr/shar
e/texlive/texmf-dist/fonts/type1/public/amsfonts/cm/cmr12.pfb></usr/share/texli
ve/texmf-dist/fonts/type1/public/amsfonts/cm/cmr17.pfb></usr/share/texlive/texm
f-dist/fonts/type1/public/amsfonts/cm/cmr5.pfb></usr/share/texlive/texmf-dist/f
onts/type1/public/amsfonts/cm/cmr6.pfb></usr/share/texlive/texmf-dist/fonts/typ
e1/public/amsfonts/cm/cmr7.pfb></usr/share/texlive/texmf-dist/fonts/type1/publi
c/amsfonts/cm/cmr8.pfb></usr/share/texlive/texmf-dist/fonts/type1/public/amsfon
ts/cm/cmsl12.pfb></usr/share/texlive/texmf-dist/fonts/type1/public/amsfonts/cm/
cmss12.pfb></usr/share/texlive/texmf-dist/fonts/type1/public/amsfonts/cm/cmsy10
.pfb></usr/share/texlive/texmf-dist/fonts/type1/public/amsfonts/cm/cmsy5.pfb></
usr/share/texlive/texmf-dist/fonts/type1/public/amsfonts/cm/cmsy6.pfb></usr/sha
re/texlive/texmf-dist/fonts/type1/public/amsfonts/cm/cmsy7.pfb></usr/share/texl
ive/texmf-dist/fonts/type1/public/amsfonts/cm/cmsy8.pfb></usr/share/texlive/tex
mf-dist/fonts/type1/public/amsfonts/cm/cmti10.pfb></usr/share/texlive/texmf-dis
t/fonts/type1/public/amsfonts/cm/cmti12.pfb></usr/share/texlive/texmf-dist/font
s/type1/public/amsfonts/cm/cmtt10.pfb></usr/share/texlive/texmf-dist/fonts/type
1/public/amsfonts/cm/cmtt12.pfb></usr/share/texlive/texmf-dist/fonts/type1/publ
ic/amsfonts/euler/eufm10.pfb></usr/share/texlive/texmf-dist/fonts/type1/public/
amsfonts/symbols/msbm10.pfb></usr/share/texlive/texmf-dist/fonts/type1/urw/helv
etic/uhvr8a.pfb>
Output written on bookGA.pdf (219 pages, 3901924 bytes).
PDF statistics:
 4133 PDF objects out of 4296 (max. 8388607)
 3781 compressed objects within 38 object streams
 1724 named destinations out of 1728 (max. 500000)
 1077 words of extra memory for PDF output out of 10000 (max. 10000000)

